<?xml version="1.0" encoding="UTF-8"?>
<!-- Generated by org.testng.reporters.JUnitXMLReporter -->
<testsuite ignored="4" hostname="DESKTOP-8HL6PQF" failures="0" tests="3" name="Test Amazon Home" time="7.785" errors="0" timestamp="2025-12-08T11:19:28 IST">
  <testcase classname="test.TestCase_01" name="test1" time="0.019"/>
  <testcase classname="test.TestCase_02" name="test2" time="0.014"/>
  <testcase classname="test.TestCase_03" name="test3" time="3.502"/>
  <testcase classname="base.Base" name="@BeforeTest setup" time="0.0">
    <ignored/>
  </testcase> <!-- @BeforeTest setup -->
  <testcase classname="base.Base" name="@BeforeTest setup" time="0.0">
    <ignored/>
  </testcase> <!-- @BeforeTest setup -->
  <testcase classname="base.Base" name="@AfterTest tearDown" time="0.0">
    <ignored/>
  </testcase> <!-- @AfterTest tearDown -->
  <testcase classname="base.Base" name="@AfterTest tearDown" time="0.0">
    <ignored/>
  </testcase> <!-- @AfterTest tearDown -->
</testsuite> <!-- Test Amazon Home -->
