<?xml version="1.0" encoding="UTF-8"?>
<testng-results ignored="0" total="1" passed="1" failed="0" skipped="0">
  <reporter-output>
  </reporter-output>
  <suite started-at="2026-01-10T12:20:37 IST" name="Default suite" finished-at="2026-01-10T12:21:30 IST" duration-ms="53237">
    <groups>
    </groups>
    <test started-at="2026-01-10T12:20:37 IST" name="Default test" finished-at="2026-01-10T12:21:30 IST" duration-ms="53237">
      <class name="test.TestCase11">
        <test-method is-config="true" signature="setup()[pri:0, instance:test.TestCase11@57a3af25]" started-at="2026-01-10T12:20:37 IST" name="setup" finished-at="2026-01-10T12:20:42 IST" duration-ms="4729" status="PASS">
          <reporter-output>
          </reporter-output>
        </test-method> <!-- setup -->
        <test-method is-config="true" signature="preTest()[pri:0, instance:test.TestCase11@57a3af25]" started-at="2026-01-10T12:20:42 IST" name="preTest" finished-at="2026-01-10T12:20:42 IST" duration-ms="48" status="PASS">
          <reporter-output>
          </reporter-output>
        </test-method> <!-- preTest -->
        <test-method signature="test11()[pri:0, instance:test.TestCase11@57a3af25]" started-at="2026-01-10T12:20:42 IST" name="test11" finished-at="2026-01-10T12:21:30 IST" duration-ms="48011" status="PASS">
          <reporter-output>
          </reporter-output>
        </test-method> <!-- test11 -->
        <test-method is-config="true" signature="tearDown()[pri:0, instance:test.TestCase11@57a3af25]" started-at="2026-01-10T12:21:30 IST" name="tearDown" finished-at="2026-01-10T12:21:30 IST" duration-ms="391" status="PASS">
          <reporter-output>
          </reporter-output>
        </test-method> <!-- tearDown -->
      </class> <!-- test.TestCase11 -->
    </test> <!-- Default test -->
  </suite> <!-- Default suite -->
</testng-results>
