<?xml version="1.0" encoding="UTF-8"?>
<testng-results ignored="0" total="1" passed="1" failed="0" skipped="0">
  <reporter-output>
  </reporter-output>
  <suite started-at="2025-12-16T11:16:06 IST" name="Default suite" finished-at="2025-12-16T11:16:17 IST" duration-ms="11750">
    <groups>
    </groups>
    <test started-at="2025-12-16T11:16:06 IST" name="Default test" finished-at="2025-12-16T11:16:17 IST" duration-ms="11750">
      <class name="test.TestCase_05">
        <test-method is-config="true" signature="setup()[pri:0, instance:test.TestCase_05@10e31a9a]" started-at="2025-12-16T11:16:06 IST" name="setup" finished-at="2025-12-16T11:16:09 IST" duration-ms="3024" status="PASS">
          <reporter-output>
          </reporter-output>
        </test-method> <!-- setup -->
        <test-method is-config="true" signature="initialize()[pri:0, instance:test.TestCase_05@10e31a9a]" started-at="2025-12-16T11:16:09 IST" name="initialize" finished-at="2025-12-16T11:16:09 IST" duration-ms="38" status="PASS">
          <reporter-output>
          </reporter-output>
        </test-method> <!-- initialize -->
        <test-method signature="test5()[pri:0, instance:test.TestCase_05@10e31a9a]" started-at="2025-12-16T11:16:09 IST" name="test5" finished-at="2025-12-16T11:16:17 IST" duration-ms="8239" status="PASS">
          <reporter-output>
          </reporter-output>
        </test-method> <!-- test5 -->
        <test-method is-config="true" signature="tearDown()[pri:0, instance:test.TestCase_05@10e31a9a]" started-at="2025-12-16T11:16:17 IST" name="tearDown" finished-at="2025-12-16T11:16:17 IST" duration-ms="388" status="PASS">
          <reporter-output>
          </reporter-output>
        </test-method> <!-- tearDown -->
      </class> <!-- test.TestCase_05 -->
    </test> <!-- Default test -->
  </suite> <!-- Default suite -->
</testng-results>
